Arguments: 
  /home/guilherme/.nvm/versions/node/v15.13.0/bin/node /usr/bin/yarn dev:ts

PATH: 
  /home/guilherme/.serverless/bin:/home/guilherme/.serverless/bin:/home/guilherme/.nvm/versions/node/v15.13.0/bin:/home/guilherme/.config/rofi/bin:/usr/local/bin:/usr/bin:/bin:/usr/local/sbin:/usr/lib/jvm/default/bin:/usr/bin/site_perl:/usr/bin/vendor_perl:/usr/bin/core_perl:/home/guilherme/gocode/bin

Yarn version: 
  1.22.10

Node version: 
  15.13.0

Platform: 
  linux x64

Trace: 
  SyntaxError: /home/guilherme/projects/ts-monorepo/apps/backoffice/package.json: Unexpected string in JSON at position 236
      at JSON.parse (<anonymous>)
      at /usr/lib/node_modules/yarn/lib/cli.js:1625:59
      at Generator.next (<anonymous>)
      at step (/usr/lib/node_modules/yarn/lib/cli.js:310:30)
      at /usr/lib/node_modules/yarn/lib/cli.js:321:13

npm manifest: 
  {
    "name": "@nighttrax/backoffice",
    "private": true,
    "version": "1.0.0",
    "scripts": {
      "dev": "next dev",
      "dev:ts": "yarn dev & yarn ts:watch",
      "ts": "tsc --noEmit --incremental",
      "ts:watch": "yarn ts --watch"
      "build": "next build",
      "test": "yarn run build"
    },
    "dependencies": {
      "@nighttrax/codecs": "*",
      "@nighttrax/components": "*",
      "@nighttrax/integrations": "*",
      "@nighttrax/utils": "*",
      "@xstate/react": "^1.4.0",
      "next": "~10.1.3",
      "react": "~17.0.0",
      "react-dom": "~17.0.0",
      "xstate": "^4.20.1"
    },
    "devDependencies": {
      "@types/node": "~14.0.23",
      "@types/react": "~17.0.0",
      "@types/react-dom": "~17.0.0",
      "autoprefixer": "^10.2.6",
      "postcss": "^8.3.5",
      "tailwindcss": "^2.2.4",
      "typescript": "~3.9.6"
    }
  }

yarn manifest: 
  No manifest

Lockfile: 
  No lockfile
